<?xml version="1.0" encoding="UTF-8"?>
<!-- Generated by org.testng.reporters.JUnitReportReporter -->
<testsuite hostname="VIJAY" failures="0" tests="1" name="Testing.SeleniumTesting.DropdownPractise" time="5.860" errors="0" timestamp="2024-11-12T12:29:08 IST" skipped="0">
  <testcase classname="Testing.SeleniumTesting.DropdownPractise" name="demo" time="5.860"/>
</testsuite> <!-- Testing.SeleniumTesting.DropdownPractise -->
