<?xml version="1.0" encoding="UTF-8"?>
<!-- Generated by org.testng.reporters.JUnitReportReporter -->
<testsuite hostname="VIJAY" failures="0" tests="2" name="TestNGBasics.day3" time="0.003" errors="0" timestamp="2024-11-14T15:18:49 IST" skipped="0">
  <testcase classname="TestNGBasics.day3" name="MobileLoginCarLoan" time="0.001"/>
  <testcase classname="TestNGBasics.day3" name="APILoginCarLoan" time="0.002"/>
</testsuite> <!-- TestNGBasics.day3 -->
