<?xml version="1.0" encoding="UTF-8"?>
<!-- Generated by org.testng.reporters.JUnitReportReporter -->
<testsuite hostname="VIJAY" failures="0" tests="1" name="Runner.TestNGRunner" time="22.803" errors="0" timestamp="2024-11-16T11:57:22 IST" skipped="0">
  <testcase classname="Runner.TestNGRunner" name="runScenario" time="22.803"/>
</testsuite> <!-- Runner.TestNGRunner -->
