<?xml version="1.0" encoding="UTF-8"?>
<!-- Generated by org.testng.reporters.JUnitReportReporter -->
<testsuite hostname="VIJAY" failures="0" tests="1" name="Testing.SeleniumTesting.Screenshot" time="3.815" errors="0" timestamp="2024-11-13T14:29:24 IST" skipped="0">
  <testcase classname="Testing.SeleniumTesting.Screenshot" name="demo" time="3.815"/>
</testsuite> <!-- Testing.SeleniumTesting.Screenshot -->
