<?xml version="1.0" encoding="UTF-8"?>
<!-- Generated by org.testng.reporters.JUnitReportReporter -->
<testsuite hostname="VIJAY" failures="0" tests="2" name="TestNGBasics.day2" time="0.002" errors="0" timestamp="2024-11-14T14:47:55 IST" skipped="0">
  <testcase classname="TestNGBasics.day2" name="demo" time="0.001"/>
  <testcase classname="TestNGBasics.day2" name="demo1" time="0.001"/>
</testsuite> <!-- TestNGBasics.day2 -->
