<?xml version="1.0" encoding="UTF-8"?>
<!-- Generated by org.testng.reporters.JUnitReportReporter -->
<testsuite hostname="VIJAY" failures="0" tests="1" name="Testing.SeleniumTesting.ExtentReporters" time="3.438" errors="0" timestamp="2024-11-16T10:43:54 IST" skipped="0">
  <testcase classname="Testing.SeleniumTesting.ExtentReporters" name="run" time="3.438"/>
</testsuite> <!-- Testing.SeleniumTesting.ExtentReporters -->
