<?xml version="1.0" encoding="UTF-8"?>
<!-- Generated by org.testng.reporters.JUnitReportReporter -->
<testsuite hostname="VIJAY" failures="0" tests="1" name="Testing.SeleniumTesting.AddtoProduct" time="18.477" errors="0" timestamp="2024-11-12T17:15:04 IST" skipped="0">
  <testcase classname="Testing.SeleniumTesting.AddtoProduct" name="run" time="18.477"/>
</testsuite> <!-- Testing.SeleniumTesting.AddtoProduct -->
