<?xml version="1.0" encoding="UTF-8"?>
<!-- Generated by org.testng.reporters.JUnitReportReporter -->
<testsuite hostname="VIJAY" failures="0" tests="3" name="TestNGBasics.GroupConcept1" time="0.012" errors="0" timestamp="2024-11-14T17:08:32 IST" skipped="0">
  <testcase classname="TestNGBasics.GroupConcept1" name="MobileLoginHomeLoan" time="0.001"/>
  <testcase classname="TestNGBasics.GroupConcept1" name="APILoginHomeLoan" time="0.009"/>
  <testcase classname="TestNGBasics.GroupConcept1" name="WebLoginHomeLoan" time="0.002"/>
</testsuite> <!-- TestNGBasics.GroupConcept1 -->
