<?xml version="1.0" encoding="UTF-8"?>
<!-- Generated by org.testng.reporters.JUnitReportReporter -->
<testsuite hostname="VIJAY" failures="0" tests="1" name="MavenConcept.Samplelogic" time="31.090" errors="0" timestamp="2024-11-15T12:59:52 IST" skipped="0">
  <testcase classname="MavenConcept.Samplelogic" name="demo" time="31.090"/>
</testsuite> <!-- MavenConcept.Samplelogic -->
