<?xml version="1.0" encoding="UTF-8"?>
<!-- Generated by org.testng.reporters.JUnitReportReporter -->
<testsuite hostname="VIJAY" failures="0" tests="1" name="TestNGBasics.Running_Testcases_TestNG1" time="0.009" errors="0" timestamp="2024-11-14T14:25:44 IST" skipped="0">
  <testcase classname="TestNGBasics.Running_Testcases_TestNG1" name="run" time="0.009"/>
</testsuite> <!-- TestNGBasics.Running_Testcases_TestNG1 -->
