<?xml version="1.0" encoding="UTF-8"?>
<!-- Generated by org.testng.reporters.JUnitReportReporter -->
<testsuite hostname="VIJAY" failures="0" tests="1" name="PageObjectModel.Samplelogic" time="31.647" errors="0" timestamp="2024-11-15T16:24:10 IST" skipped="0">
  <testcase classname="PageObjectModel.Samplelogic" name="demo" time="31.647"/>
</testsuite> <!-- PageObjectModel.Samplelogic -->
