<?xml version="1.0" encoding="UTF-8"?>
<!-- Generated by org.testng.reporters.JUnitReportReporter -->
<testsuite hostname="VIJAY" failures="0" tests="1" name="Testing.SeleniumTesting.MaximizeWindow_DeleteCookies" time="3.091" errors="0" timestamp="2024-11-13T12:31:44 IST" skipped="0">
  <testcase classname="Testing.SeleniumTesting.MaximizeWindow_DeleteCookies" name="run" time="3.091"/>
</testsuite> <!-- Testing.SeleniumTesting.MaximizeWindow_DeleteCookies -->
