<?xml version="1.0" encoding="UTF-8"?>
<!-- Generated by org.testng.reporters.JUnitReportReporter -->
<testsuite hostname="VIJAY" failures="0" tests="1" name="TestNGBasics.day3" time="0.001" errors="0" timestamp="2024-11-14T16:57:15 IST" skipped="0">
  <testcase classname="TestNGBasics.day3" name="MobileLoginCarLoan" time="0.001"/>
</testsuite> <!-- TestNGBasics.day3 -->
