<?xml version="1.0" encoding="UTF-8"?>
<!-- Generated by org.testng.reporters.JUnitReportReporter -->
<testsuite hostname="VIJAY" failures="0" tests="1" name="Testing.SeleniumTesting.FramesConcept" time="22.549" errors="0" timestamp="2024-11-13T11:02:14 IST" skipped="0">
  <testcase classname="Testing.SeleniumTesting.FramesConcept" name="run" time="22.549"/>
</testsuite> <!-- Testing.SeleniumTesting.FramesConcept -->
