<?xml version="1.0" encoding="UTF-8"?>
<!-- Generated by org.testng.reporters.JUnitReportReporter -->
<testsuite hostname="VIJAY" failures="0" tests="2" name="TestNGBasics.day1" time="0.010" errors="0" timestamp="2024-11-14T14:47:55 IST" skipped="0">
  <testcase classname="TestNGBasics.day1" name="demo1" time="0.001"/>
  <testcase classname="TestNGBasics.day1" name="demo" time="0.009"/>
</testsuite> <!-- TestNGBasics.day1 -->
