<?xml version="1.0" encoding="UTF-8"?>
<!-- Generated by org.testng.reporters.JUnitReportReporter -->
<testsuite hostname="VIJAY" failures="0" tests="1" name="Testing.SeleniumTesting.Testing_SSL_HTTP" time="2.868" errors="0" timestamp="2024-11-13T12:10:47 IST" skipped="0">
  <testcase classname="Testing.SeleniumTesting.Testing_SSL_HTTP" name="run" time="2.868"/>
</testsuite> <!-- Testing.SeleniumTesting.Testing_SSL_HTTP -->
