<?xml version="1.0" encoding="UTF-8"?>
<!-- Generated by org.testng.reporters.JUnitReportReporter -->
<testsuite hostname="VIJAY" failures="0" tests="1" name="Database_Connection.Database_SelectAll" time="1.111" errors="0" timestamp="2024-11-18T11:11:30 IST" skipped="0">
  <testcase classname="Database_Connection.Database_SelectAll" name="run" time="1.111"/>
</testsuite> <!-- Database_Connection.Database_SelectAll -->
