<?xml version="1.0" encoding="UTF-8"?>
<!-- Generated by org.testng.reporters.JUnitReportReporter -->
<testsuite hostname="VIJAY" failures="0" tests="3" name="TestNGBasics.day4" time="0.003" errors="0" timestamp="2024-11-14T15:18:49 IST" skipped="0">
  <testcase classname="TestNGBasics.day4" name="APILoginHomeLoan" time="0.001"/>
  <testcase classname="TestNGBasics.day4" name="MobileLoginHomeLoan" time="0.001"/>
  <testcase classname="TestNGBasics.day4" name="WebLoginHomeLoan" time="0.001"/>
</testsuite> <!-- TestNGBasics.day4 -->
