<?xml version="1.0" encoding="UTF-8"?>
<!-- Generated by org.testng.reporters.JUnitReportReporter -->
<testsuite hostname="VIJAY" failures="0" tests="1" name="Testing.SeleniumTesting.LocatorsPractice" time="5.991" errors="0" timestamp="2024-11-07T16:54:16 IST" skipped="0">
  <testcase classname="Testing.SeleniumTesting.LocatorsPractice" name="run" time="5.991"/>
</testsuite> <!-- Testing.SeleniumTesting.LocatorsPractice -->
