<?xml version="1.0" encoding="UTF-8"?>
<!-- Generated by org.testng.reporters.JUnitReportReporter -->
<testsuite hostname="VIJAY" failures="0" tests="1" name="Testing.SeleniumTesting.AjaxMovement" time="3.961" errors="0" timestamp="2024-11-12T17:52:03 IST" skipped="0">
  <testcase classname="Testing.SeleniumTesting.AjaxMovement" name="run" time="3.961"/>
</testsuite> <!-- Testing.SeleniumTesting.AjaxMovement -->
