<?xml version="1.0" encoding="UTF-8"?>
<!-- Generated by org.testng.reporters.JUnitReportReporter -->
<testsuite hostname="VIJAY" failures="0" tests="1" name="TestNGBasics.GroupConcept2" time="0.001" errors="0" timestamp="2024-11-14T17:08:18 IST" skipped="0">
  <testcase classname="TestNGBasics.GroupConcept2" name="MobileLoginHomeLoan" time="0.001"/>
</testsuite> <!-- TestNGBasics.GroupConcept2 -->
