<?xml version="1.0" encoding="UTF-8"?>
<!-- Generated by org.testng.reporters.JUnitReportReporter -->
<testsuite hostname="VIJAY" failures="0" tests="1" name="MavenConcept.Samplelogic" time="31.474" errors="0" timestamp="2024-11-15T15:54:28 IST" skipped="0">
  <testcase classname="MavenConcept.Samplelogic" name="demo" time="31.474"/>
</testsuite> <!-- MavenConcept.Samplelogic -->
