<?xml version="1.0" encoding="UTF-8"?>
<!-- Generated by org.testng.reporters.JUnitReportReporter -->
<testsuite hostname="VIJAY" failures="0" tests="1" name="Testing.SeleniumTesting.MultipleWindows" time="3.554" errors="0" timestamp="2024-11-14T10:51:59 IST" skipped="0">
  <testcase classname="Testing.SeleniumTesting.MultipleWindows" name="demo" time="3.554"/>
</testsuite> <!-- Testing.SeleniumTesting.MultipleWindows -->
