<?xml version="1.0" encoding="UTF-8"?>
<!-- Generated by org.testng.reporters.JUnitReportReporter -->
<testsuite hostname="VIJAY" failures="0" tests="1" name="Testing.SeleniumTesting.WindowsHandling" time="3.400" errors="0" timestamp="2024-11-13T10:22:28 IST" skipped="0">
  <testcase classname="Testing.SeleniumTesting.WindowsHandling" name="run" time="3.400"/>
</testsuite> <!-- Testing.SeleniumTesting.WindowsHandling -->
