<?xml version="1.0" encoding="UTF-8"?>
<!-- Generated by org.testng.reporters.JUnitReportReporter -->
<testsuite hostname="VIJAY" failures="0" tests="1" name="Testing.SeleniumTesting.RelativeLocators" time="1.964" errors="0" timestamp="2024-11-14T10:34:13 IST" skipped="0">
  <testcase classname="Testing.SeleniumTesting.RelativeLocators" name="demo" time="1.964"/>
</testsuite> <!-- Testing.SeleniumTesting.RelativeLocators -->
